2025 - 04 - 13 08 : 39 : 51 - ArithematicApp - DEBUG - Adding 10 + 15 = 25
2025 - 04 - 13 08 : 39 : 51 - ArithematicApp - DEBUG - Adding 15 - 10 = 5
2025 - 04 - 13 08 : 39 : 51 - ArithematicApp - DEBUG - Adding 10 * 5 = 50
2025 - 04 - 13 08 : 39 : 51 - ArithematicApp - DEBUG - Adding 10 / 5 = 2.0
2025 - 04 - 13 08 : 40 : 19 - ArithematicApp - DEBUG - Adding 10 + 15 = 25
2025 - 04 - 13 08 : 40 : 19 - ArithematicApp - DEBUG - Adding 15 - 10 = 5
2025 - 04 - 13 08 : 40 : 19 - ArithematicApp - DEBUG - Adding 10 * 5 = 50
2025 - 04 - 13 08 : 40 : 19 - ArithematicApp - DEBUG - Adding 10 / 5 = 2.0
2025 - 04 - 13 08 : 52 : 22 - ArithematicApp - DEBUG - Adding 10 + 15 = 25
2025 - 04 - 13 08 : 52 : 22 - ArithematicApp - DEBUG - Adding 15 - 10 = 5
2025 - 04 - 13 08 : 52 : 22 - ArithematicApp - DEBUG - Adding 10 * 5 = 50
2025 - 04 - 13 08 : 52 : 22 - ArithematicApp - DEBUG - Adding 10 / 5 = 2.0
2025 - 04 - 13 08 : 52 : 22 - root - DEBUG - The factorial function is called
2025 - 04 - 13 08 : 52 : 22 - root - DEBUG - Operation is taking place
2025 - 04 - 13 08 : 52 : 22 - root - DEBUG - Operation is taking place
2025 - 04 - 13 08 : 52 : 22 - root - DEBUG - Operation is taking place
2025 - 04 - 13 08 : 52 : 22 - root - DEBUG - Operation is taking place
2025 - 04 - 13 08 : 52 : 22 - root - DEBUG - Operation is taking place
2025 - 04 - 13 08 : 52 : 22 - root - DEBUG - Operation is taking place
2025 - 04 - 13 09 : 02 : 14 - ArithematicApp - DEBUG - Adding 10 + 15 = 25
2025 - 04 - 13 09 : 02 : 14 - ArithematicApp - DEBUG - Adding 15 - 10 = 5
2025 - 04 - 13 09 : 02 : 14 - ArithematicApp - DEBUG - Adding 10 * 5 = 50
2025 - 04 - 13 09 : 02 : 14 - ArithematicApp - DEBUG - Adding 10 / 5 = 2.0
2025 - 04 - 13 09 : 02 : 14 - root - DEBUG - The factorial function is called
2025 - 04 - 13 09 : 02 : 14 - root - DEBUG - Operation is taking place
2025 - 04 - 13 09 : 02 : 14 - root - DEBUG - Operation is taking place
2025 - 04 - 13 09 : 02 : 14 - root - DEBUG - Operation is taking place
2025 - 04 - 13 09 : 02 : 14 - root - DEBUG - Operation is taking place
2025 - 04 - 13 09 : 02 : 14 - root - DEBUG - Operation is taking place
2025 - 04 - 13 09 : 02 : 14 - root - DEBUG - Operation is taking place
2025 - 04 - 13 09 : 02 : 14 - root - DEBUG - The factorial function is called
2025 - 04 - 13 09 : 02 : 14 - root - DEBUG - Operation is taking place
2025 - 04 - 13 09 : 02 : 38 - ArithematicApp - DEBUG - Adding 10 + 15 = 25
2025 - 04 - 13 09 : 02 : 38 - ArithematicApp - DEBUG - Adding 15 - 10 = 5
2025 - 04 - 13 09 : 02 : 38 - ArithematicApp - DEBUG - Adding 10 * 5 = 50
2025 - 04 - 13 09 : 02 : 38 - ArithematicApp - DEBUG - Adding 10 / 5 = 2.0
2025 - 04 - 13 09 : 02 : 38 - root - DEBUG - The factorial function is called
2025 - 04 - 13 09 : 02 : 38 - root - DEBUG - Operation is taking place
2025 - 04 - 13 09 : 02 : 38 - root - DEBUG - Operation is taking place
2025 - 04 - 13 09 : 02 : 38 - root - DEBUG - Operation is taking place
2025 - 04 - 13 09 : 02 : 38 - root - DEBUG - Operation is taking place
2025 - 04 - 13 09 : 02 : 38 - root - DEBUG - Operation is taking place
2025 - 04 - 13 09 : 02 : 38 - root - DEBUG - Operation is taking place
2025 - 04 - 13 09 : 02 : 38 - root - DEBUG - The factorial function is called
2025 - 04 - 13 09 : 02 : 38 - root - DEBUG - Operation is taking place
2025 - 04 - 13 09 : 03 : 04 - ArithematicApp - DEBUG - Adding 10 + 15 = 25
2025 - 04 - 13 09 : 03 : 04 - ArithematicApp - DEBUG - Adding 15 - 10 = 5
2025 - 04 - 13 09 : 03 : 04 - ArithematicApp - DEBUG - Adding 10 * 5 = 50
2025 - 04 - 13 09 : 03 : 04 - ArithematicApp - DEBUG - Adding 10 / 5 = 2.0
2025 - 04 - 13 09 : 03 : 04 - root - DEBUG - The factorial function is called
2025 - 04 - 13 09 : 03 : 04 - root - DEBUG - Operation is taking place
2025 - 04 - 13 09 : 03 : 04 - root - DEBUG - Operation is taking place
2025 - 04 - 13 09 : 03 : 04 - root - DEBUG - Operation is taking place
2025 - 04 - 13 09 : 03 : 04 - root - DEBUG - Operation is taking place
2025 - 04 - 13 09 : 03 : 04 - root - DEBUG - Operation is taking place
2025 - 04 - 13 09 : 03 : 04 - root - DEBUG - Operation is taking place
2025 - 04 - 13 09 : 03 : 04 - root - DEBUG - The addition function is called
2025 - 04 - 13 09 : 03 : 04 - root - DEBUG - Operation is taking place
